build/app/intermediates/manifest_merge_blame_file/release/manifest-merger-blame-release-report.txt
1<?xml version="1.0" encoding="utf-8"?>
2<manifest xmlns:android="http://schemas.android.com/apk/res/android"
3    package="com.example.racemart_app"
4    android:versionCode="1"
5    android:versionName="1.0.0" >
6
7    <uses-sdk
8        android:minSdkVersion="21"
8-->src\main\AndroidManifest.xml
9        android:targetSdkVersion="33" />
9-->src\main\AndroidManifest.xml
10
11    <uses-permission android:name="android.permission.INTERNET" />
11-->src\main\AndroidManifest.xml:2:1-63
11-->src\main\AndroidManifest.xml:2:18-60
12    <uses-permission android:name="android.permission.WRITE_EXTERNAL_STORAGE" />
12-->src\main\AndroidManifest.xml:3:1-76
12-->src\main\AndroidManifest.xml:3:18-74
13    <uses-permission android:name="android.permission.ACCESS_FINE_LOCATION" />
13-->src\main\AndroidManifest.xml:4:1-75
13-->src\main\AndroidManifest.xml:4:18-72
14    <uses-permission android:name="android.permission.ACCESS_COARSE_LOCATION" />
14-->src\main\AndroidManifest.xml:5:1-77
14-->src\main\AndroidManifest.xml:5:18-74
15    <uses-permission android:name="android.permission.ACCESS_BACKGROUND_LOCATION" />
15-->src\main\AndroidManifest.xml:6:1-81
15-->src\main\AndroidManifest.xml:6:18-78
16    <uses-permission android:name="android.permission.WRITE_CALENDAR" />
16-->src\main\AndroidManifest.xml:7:1-69
16-->src\main\AndroidManifest.xml:7:18-66
17    <uses-permission android:name="android.permission.READ_CALENDAR" />
17-->src\main\AndroidManifest.xml:8:1-68
17-->src\main\AndroidManifest.xml:8:18-65
18    <uses-permission android:name="android.permission.QUERY_ALL_PACKAGES" />
18-->src\main\AndroidManifest.xml:9:1-73
18-->src\main\AndroidManifest.xml:9:18-70
19
20    <queries>
20-->src\main\AndroidManifest.xml:10:1-23:11
21        <intent>
21-->src\main\AndroidManifest.xml:11:5-14:14
22            <action android:name="android.intent.action.VIEW" />
22-->src\main\AndroidManifest.xml:12:9-61
22-->src\main\AndroidManifest.xml:12:17-58
23
24            <data android:scheme="https" />
24-->src\main\AndroidManifest.xml:13:9-40
24-->src\main\AndroidManifest.xml:13:15-37
25        </intent>
26        <intent>
26-->src\main\AndroidManifest.xml:15:5-18:14
27            <action android:name="android.intent.action.DIAL" />
27-->src\main\AndroidManifest.xml:16:9-61
27-->src\main\AndroidManifest.xml:16:17-58
28
29            <data android:scheme="tel" />
29-->src\main\AndroidManifest.xml:13:9-40
29-->src\main\AndroidManifest.xml:13:15-37
30        </intent>
31        <intent>
31-->src\main\AndroidManifest.xml:19:5-22:14
32            <action android:name="android.intent.action.SEND" />
32-->src\main\AndroidManifest.xml:20:9-61
32-->src\main\AndroidManifest.xml:20:17-58
33
34            <data android:mimeType="*/*" />
34-->src\main\AndroidManifest.xml:13:9-40
34-->src\main\AndroidManifest.xml:21:15-37
35        </intent>
36        <intent>
36-->[androidx.media2:media2-session:1.2.1] AndroidManifest.xml:25:9-27:18
37            <action android:name="android.media.browse.MediaBrowserService" />
37-->[androidx.media2:media2-session:1.2.1] AndroidManifest.xml:26:13-79
37-->[androidx.media2:media2-session:1.2.1] AndroidManifest.xml:26:21-76
38        </intent>
39        <intent>
39-->[androidx.media2:media2-session:1.2.1] AndroidManifest.xml:28:9-30:18
40            <action android:name="androidx.media2.session.MediaSessionService" />
40-->[androidx.media2:media2-session:1.2.1] AndroidManifest.xml:29:13-82
40-->[androidx.media2:media2-session:1.2.1] AndroidManifest.xml:29:21-79
41        </intent>
42        <intent>
42-->[androidx.media2:media2-session:1.2.1] AndroidManifest.xml:31:9-33:18
43            <action android:name="androidx.media2.session.MediaLibraryService" />
43-->[androidx.media2:media2-session:1.2.1] AndroidManifest.xml:32:13-82
43-->[androidx.media2:media2-session:1.2.1] AndroidManifest.xml:32:21-79
44        </intent>
45    </queries>
46
47    <uses-permission android:name="android.permission.WAKE_LOCK" />
47-->[:firebase_messaging] AndroidManifest.xml:10:5-68
47-->[:firebase_messaging] AndroidManifest.xml:10:22-65
48    <uses-permission android:name="android.permission.ACCESS_NETWORK_STATE" /> <!-- Permissions options for the `notification` group -->
48-->[:firebase_messaging] AndroidManifest.xml:11:5-79
48-->[:firebase_messaging] AndroidManifest.xml:11:22-76
49    <uses-permission android:name="android.permission.POST_NOTIFICATIONS" />
49-->[:firebase_messaging] AndroidManifest.xml:13:5-77
49-->[:firebase_messaging] AndroidManifest.xml:13:22-74
50    <uses-permission android:name="android.permission.RECEIVE_BOOT_COMPLETED" />
50-->[:flutter_local_notifications] AndroidManifest.xml:9:5-81
50-->[:flutter_local_notifications] AndroidManifest.xml:9:22-78
51    <uses-permission android:name="android.permission.VIBRATE" />
51-->[:flutter_local_notifications] AndroidManifest.xml:10:5-66
51-->[:flutter_local_notifications] AndroidManifest.xml:10:22-63
52    <uses-permission android:name="android.permission.USE_FULL_SCREEN_INTENT" />
52-->[:flutter_local_notifications] AndroidManifest.xml:11:5-81
52-->[:flutter_local_notifications] AndroidManifest.xml:11:22-78
53    <uses-permission android:name="android.permission.SCHEDULE_EXACT_ALARM" />
53-->[:flutter_local_notifications] AndroidManifest.xml:12:5-79
53-->[:flutter_local_notifications] AndroidManifest.xml:12:22-76
54    <uses-permission
54-->[:open_file_plus] AndroidManifest.xml:10:5-12:38
55        android:name="android.permission.READ_EXTERNAL_STORAGE"
55-->[:open_file_plus] AndroidManifest.xml:11:9-64
56        android:maxSdkVersion="32" /> <!-- Required by older versions of Google Play services to create IID tokens -->
56-->[:open_file_plus] AndroidManifest.xml:12:9-35
57    <uses-permission android:name="com.google.android.c2dm.permission.RECEIVE" />
57-->[com.google.firebase:firebase-iid:21.1.0] AndroidManifest.xml:26:5-82
57-->[com.google.firebase:firebase-iid:21.1.0] AndroidManifest.xml:26:22-79
58
59    <permission
59-->[androidx.core:core:1.10.1] AndroidManifest.xml:22:5-24:47
60        android:name="com.example.racemart_app.DYNAMIC_RECEIVER_NOT_EXPORTED_PERMISSION"
60-->[androidx.core:core:1.10.1] AndroidManifest.xml:23:9-81
61        android:protectionLevel="signature" />
61-->[androidx.core:core:1.10.1] AndroidManifest.xml:24:9-44
62
63    <uses-permission android:name="com.example.racemart_app.DYNAMIC_RECEIVER_NOT_EXPORTED_PERMISSION" />
63-->[androidx.core:core:1.10.1] AndroidManifest.xml:26:5-97
63-->[androidx.core:core:1.10.1] AndroidManifest.xml:26:22-94
64
65    <application
66        android:name="android.app.Application"
66-->src\main\AndroidManifest.xml:26:9-42
67        android:appComponentFactory="androidx.core.app.CoreComponentFactory"
67-->[androidx.core:core:1.10.1] AndroidManifest.xml:28:18-86
68        android:icon="@mipmap/ic_launcher"
68-->src\main\AndroidManifest.xml:27:9-43
69        android:label="Racemart" >
69-->src\main\AndroidManifest.xml:25:9-33
70        <activity
70-->src\main\AndroidManifest.xml:28:9-53:20
71            android:name="com.example.racemart_app.MainActivity"
71-->src\main\AndroidManifest.xml:29:13-41
72            android:configChanges="orientation|keyboardHidden|keyboard|screenSize|smallestScreenSize|locale|layoutDirection|fontScale|screenLayout|density|uiMode"
72-->src\main\AndroidManifest.xml:33:13-163
73            android:exported="true"
73-->src\main\AndroidManifest.xml:30:13-36
74            android:hardwareAccelerated="true"
74-->src\main\AndroidManifest.xml:34:13-47
75            android:launchMode="singleTop"
75-->src\main\AndroidManifest.xml:31:13-43
76            android:theme="@style/LaunchTheme"
76-->src\main\AndroidManifest.xml:32:13-47
77            android:usesCleartextTraffic="true"
77-->src\main\AndroidManifest.xml:35:13-48
78            android:windowSoftInputMode="adjustResize" >
78-->src\main\AndroidManifest.xml:36:13-55
79
80            <!--
81                 Specifies an Android theme to apply to this Activity as soon as
82                 the Android process has started. This theme is visible to the user
83                 while the Flutter UI initializes. After that, this theme continues
84                 to determine the Window background behind the Flutter UI.
85            -->
86            <meta-data
86-->src\main\AndroidManifest.xml:41:13-44:17
87                android:name="io.flutter.embedding.android.NormalTheme"
87-->src\main\AndroidManifest.xml:42:15-70
88                android:resource="@style/NormalTheme" />
88-->src\main\AndroidManifest.xml:43:15-52
89            <meta-data
89-->src\main\AndroidManifest.xml:45:13-48:16
90                android:name="com.google.firebase.messaging.default_notification_channel_id"
90-->src\main\AndroidManifest.xml:46:16-92
91                android:value="racemart" />
91-->src\main\AndroidManifest.xml:47:16-40
92
93            <intent-filter>
93-->src\main\AndroidManifest.xml:49:13-52:29
94                <action android:name="android.intent.action.MAIN" />
94-->src\main\AndroidManifest.xml:50:17-68
94-->src\main\AndroidManifest.xml:50:25-66
95
96                <category android:name="android.intent.category.LAUNCHER" />
96-->src\main\AndroidManifest.xml:51:17-76
96-->src\main\AndroidManifest.xml:51:27-74
97            </intent-filter>
98        </activity>
99        <!--
100             Don't delete the meta-data below.
101             This is used by the Flutter tool to generate GeneratedPluginRegistrant.java
102        -->
103        <meta-data
103-->src\main\AndroidManifest.xml:56:9-58:33
104            android:name="flutterEmbedding"
104-->src\main\AndroidManifest.xml:57:13-44
105            android:value="2" />
105-->src\main\AndroidManifest.xml:58:13-30
106
107        <service
107-->[:firebase_messaging] AndroidManifest.xml:16:9-19:72
108            android:name="io.flutter.plugins.firebase.messaging.FlutterFirebaseMessagingBackgroundService"
108-->[:firebase_messaging] AndroidManifest.xml:17:13-107
109            android:exported="false"
109-->[:firebase_messaging] AndroidManifest.xml:18:13-37
110            android:permission="android.permission.BIND_JOB_SERVICE" />
110-->[:firebase_messaging] AndroidManifest.xml:19:13-69
111        <service
111-->[:firebase_messaging] AndroidManifest.xml:20:9-26:19
112            android:name="io.flutter.plugins.firebase.messaging.FlutterFirebaseMessagingService"
112-->[:firebase_messaging] AndroidManifest.xml:21:13-97
113            android:exported="false" >
113-->[:firebase_messaging] AndroidManifest.xml:22:13-37
114            <intent-filter>
114-->[:firebase_messaging] AndroidManifest.xml:23:13-25:29
115                <action android:name="com.google.firebase.MESSAGING_EVENT" />
115-->[:firebase_messaging] AndroidManifest.xml:24:17-78
115-->[:firebase_messaging] AndroidManifest.xml:24:25-75
116            </intent-filter>
117        </service>
118
119        <receiver
119-->[:firebase_messaging] AndroidManifest.xml:28:9-35:20
120            android:name="io.flutter.plugins.firebase.messaging.FlutterFirebaseMessagingReceiver"
120-->[:firebase_messaging] AndroidManifest.xml:29:13-98
121            android:exported="true"
121-->[:firebase_messaging] AndroidManifest.xml:30:13-36
122            android:permission="com.google.android.c2dm.permission.SEND" >
122-->[:firebase_messaging] AndroidManifest.xml:31:13-73
123            <intent-filter>
123-->[:firebase_messaging] AndroidManifest.xml:32:13-34:29
124                <action android:name="com.google.android.c2dm.intent.RECEIVE" />
124-->[:firebase_messaging] AndroidManifest.xml:33:17-81
124-->[:firebase_messaging] AndroidManifest.xml:33:25-78
125            </intent-filter>
126        </receiver>
127
128        <service
128-->[:firebase_messaging] AndroidManifest.xml:37:9-41:19
129            android:name="com.google.firebase.components.ComponentDiscoveryService"
129-->[:firebase_messaging] AndroidManifest.xml:37:18-89
130            android:directBootAware="true"
130-->[com.google.firebase:firebase-common:20.3.3] AndroidManifest.xml:34:13-43
131            android:exported="false" >
131-->[com.google.firebase:firebase-iid:21.1.0] AndroidManifest.xml:31:13-37
132            <meta-data
132-->[:firebase_messaging] AndroidManifest.xml:38:13-40:85
133                android:name="com.google.firebase.components:io.flutter.plugins.firebase.messaging.FlutterFirebaseAppRegistrar"
133-->[:firebase_messaging] AndroidManifest.xml:39:17-128
134                android:value="com.google.firebase.components.ComponentRegistrar" />
134-->[:firebase_messaging] AndroidManifest.xml:40:17-82
135            <meta-data
135-->[:firebase_core] AndroidManifest.xml:11:13-13:85
136                android:name="com.google.firebase.components:io.flutter.plugins.firebase.core.FlutterFirebaseCoreRegistrar"
136-->[:firebase_core] AndroidManifest.xml:12:17-124
137                android:value="com.google.firebase.components.ComponentRegistrar" />
137-->[:firebase_core] AndroidManifest.xml:13:17-82
138            <meta-data
138-->[com.google.firebase:firebase-iid:21.1.0] AndroidManifest.xml:32:13-34:85
139                android:name="com.google.firebase.components:com.google.firebase.iid.Registrar"
139-->[com.google.firebase:firebase-iid:21.1.0] AndroidManifest.xml:33:17-96
140                android:value="com.google.firebase.components.ComponentRegistrar" />
140-->[com.google.firebase:firebase-iid:21.1.0] AndroidManifest.xml:34:17-82
141            <meta-data
141-->[com.google.firebase:firebase-messaging:23.2.1] AndroidManifest.xml:53:13-55:85
142                android:name="com.google.firebase.components:com.google.firebase.messaging.FirebaseMessagingRegistrar"
142-->[com.google.firebase:firebase-messaging:23.2.1] AndroidManifest.xml:54:17-119
143                android:value="com.google.firebase.components.ComponentRegistrar" />
143-->[com.google.firebase:firebase-messaging:23.2.1] AndroidManifest.xml:55:17-82
144            <meta-data
144-->[com.google.firebase:firebase-installations:17.1.4] AndroidManifest.xml:15:13-17:85
145                android:name="com.google.firebase.components:com.google.firebase.installations.FirebaseInstallationsRegistrar"
145-->[com.google.firebase:firebase-installations:17.1.4] AndroidManifest.xml:16:17-127
146                android:value="com.google.firebase.components.ComponentRegistrar" />
146-->[com.google.firebase:firebase-installations:17.1.4] AndroidManifest.xml:17:17-82
147            <meta-data
147-->[com.google.firebase:firebase-datatransport:18.1.7] AndroidManifest.xml:27:13-29:85
148                android:name="com.google.firebase.components:com.google.firebase.datatransport.TransportRegistrar"
148-->[com.google.firebase:firebase-datatransport:18.1.7] AndroidManifest.xml:28:17-115
149                android:value="com.google.firebase.components.ComponentRegistrar" />
149-->[com.google.firebase:firebase-datatransport:18.1.7] AndroidManifest.xml:29:17-82
150        </service>
151
152        <provider
152-->[:firebase_messaging] AndroidManifest.xml:43:9-47:38
153            android:name="io.flutter.plugins.firebase.messaging.FlutterFirebaseMessagingInitProvider"
153-->[:firebase_messaging] AndroidManifest.xml:44:13-102
154            android:authorities="com.example.racemart_app.flutterfirebasemessaginginitprovider"
154-->[:firebase_messaging] AndroidManifest.xml:45:13-88
155            android:exported="false"
155-->[:firebase_messaging] AndroidManifest.xml:46:13-37
156            android:initOrder="99" />
156-->[:firebase_messaging] AndroidManifest.xml:47:13-35
157
158        <service
158-->[:geolocator_android] AndroidManifest.xml:10:9-14:56
159            android:name="com.baseflow.geolocator.GeolocatorLocationService"
159-->[:geolocator_android] AndroidManifest.xml:11:13-77
160            android:enabled="true"
160-->[:geolocator_android] AndroidManifest.xml:12:13-35
161            android:exported="false"
161-->[:geolocator_android] AndroidManifest.xml:13:13-37
162            android:foregroundServiceType="location" />
162-->[:geolocator_android] AndroidManifest.xml:14:13-53
163
164        <provider
164-->[:image_picker_android] AndroidManifest.xml:10:9-18:20
165            android:name="io.flutter.plugins.imagepicker.ImagePickerFileProvider"
165-->[:image_picker_android] AndroidManifest.xml:11:13-82
166            android:authorities="com.example.racemart_app.flutter.image_provider"
166-->[:image_picker_android] AndroidManifest.xml:12:13-74
167            android:exported="false"
167-->[:image_picker_android] AndroidManifest.xml:13:13-37
168            android:grantUriPermissions="true" >
168-->[:image_picker_android] AndroidManifest.xml:14:13-47
169            <meta-data
169-->[:image_picker_android] AndroidManifest.xml:15:13-17:75
170                android:name="android.support.FILE_PROVIDER_PATHS"
170-->[:image_picker_android] AndroidManifest.xml:16:17-67
171                android:resource="@xml/flutter_image_picker_file_paths" />
171-->[:image_picker_android] AndroidManifest.xml:17:17-72
172        </provider>
173
174        <receiver
174-->[:flutter_local_notifications] AndroidManifest.xml:16:9-18:40
175            android:name="com.dexterous.flutterlocalnotifications.ActionBroadcastReceiver"
175-->[:flutter_local_notifications] AndroidManifest.xml:17:13-91
176            android:exported="false" />
176-->[:flutter_local_notifications] AndroidManifest.xml:18:13-37
177        <receiver
177-->[:flutter_local_notifications] AndroidManifest.xml:19:9-21:40
178            android:name="com.dexterous.flutterlocalnotifications.ScheduledNotificationReceiver"
178-->[:flutter_local_notifications] AndroidManifest.xml:20:13-97
179            android:exported="false" />
179-->[:flutter_local_notifications] AndroidManifest.xml:21:13-37
180        <receiver
180-->[:flutter_local_notifications] AndroidManifest.xml:22:9-31:20
181            android:name="com.dexterous.flutterlocalnotifications.ScheduledNotificationBootReceiver"
181-->[:flutter_local_notifications] AndroidManifest.xml:23:13-101
182            android:exported="false" >
182-->[:flutter_local_notifications] AndroidManifest.xml:24:13-37
183            <intent-filter>
183-->[:flutter_local_notifications] AndroidManifest.xml:25:13-30:29
184                <action android:name="android.intent.action.BOOT_COMPLETED" />
184-->[:flutter_local_notifications] AndroidManifest.xml:26:17-79
184-->[:flutter_local_notifications] AndroidManifest.xml:26:25-76
185                <action android:name="android.intent.action.MY_PACKAGE_REPLACED" />
185-->[:flutter_local_notifications] AndroidManifest.xml:27:17-84
185-->[:flutter_local_notifications] AndroidManifest.xml:27:25-81
186                <action android:name="android.intent.action.QUICKBOOT_POWERON" />
186-->[:flutter_local_notifications] AndroidManifest.xml:28:17-82
186-->[:flutter_local_notifications] AndroidManifest.xml:28:25-79
187                <action android:name="com.htc.intent.action.QUICKBOOT_POWERON" />
187-->[:flutter_local_notifications] AndroidManifest.xml:29:17-82
187-->[:flutter_local_notifications] AndroidManifest.xml:29:25-79
188            </intent-filter>
189        </receiver>
190
191        <activity
191-->[:url_launcher_android] AndroidManifest.xml:10:9-13:74
192            android:name="io.flutter.plugins.urllauncher.WebViewActivity"
192-->[:url_launcher_android] AndroidManifest.xml:11:13-74
193            android:exported="false"
193-->[:url_launcher_android] AndroidManifest.xml:12:13-37
194            android:theme="@android:style/Theme.NoTitleBar.Fullscreen" />
194-->[:url_launcher_android] AndroidManifest.xml:13:13-71
195
196        <provider
196-->[:open_file_plus] AndroidManifest.xml:15:9-24:20
197            android:name="com.joutvhu.openfile.FileProvider"
197-->[:open_file_plus] AndroidManifest.xml:16:13-61
198            android:authorities="com.example.racemart_app.fileProvider.com.joutvhu.openfile"
198-->[:open_file_plus] AndroidManifest.xml:17:13-85
199            android:exported="false"
199-->[:open_file_plus] AndroidManifest.xml:18:13-37
200            android:grantUriPermissions="true" >
200-->[:open_file_plus] AndroidManifest.xml:19:13-47
201            <meta-data
201-->[:image_picker_android] AndroidManifest.xml:15:13-17:75
202                android:name="android.support.FILE_PROVIDER_PATHS"
202-->[:image_picker_android] AndroidManifest.xml:16:17-67
203                android:resource="@xml/filepaths" />
203-->[:image_picker_android] AndroidManifest.xml:17:17-72
204        </provider>
205        <!--
206           Declares a provider which allows us to store files to share in
207           '.../caches/share_plus' and grant the receiving action access
208        -->
209        <provider
209-->[:share_plus] AndroidManifest.xml:15:9-23:20
210            android:name="dev.fluttercommunity.plus.share.ShareFileProvider"
210-->[:share_plus] AndroidManifest.xml:16:13-77
211            android:authorities="com.example.racemart_app.flutter.share_provider"
211-->[:share_plus] AndroidManifest.xml:17:13-74
212            android:exported="false"
212-->[:share_plus] AndroidManifest.xml:18:13-37
213            android:grantUriPermissions="true" >
213-->[:share_plus] AndroidManifest.xml:19:13-47
214            <meta-data
214-->[:image_picker_android] AndroidManifest.xml:15:13-17:75
215                android:name="android.support.FILE_PROVIDER_PATHS"
215-->[:image_picker_android] AndroidManifest.xml:16:17-67
216                android:resource="@xml/flutter_share_file_paths" />
216-->[:image_picker_android] AndroidManifest.xml:17:17-72
217        </provider>
218        <!--
219           This manifest declared broadcast receiver allows us to use an explicit
220           Intent when creating a PendingItent to be informed of the user's choice
221        -->
222        <receiver
222-->[:share_plus] AndroidManifest.xml:28:9-34:20
223            android:name="dev.fluttercommunity.plus.share.SharePlusPendingIntent"
223-->[:share_plus] AndroidManifest.xml:29:13-82
224            android:exported="false" >
224-->[:share_plus] AndroidManifest.xml:30:13-37
225            <intent-filter>
225-->[:share_plus] AndroidManifest.xml:31:13-33:29
226                <action android:name="EXTRA_CHOSEN_COMPONENT" />
226-->[:share_plus] AndroidManifest.xml:32:17-65
226-->[:share_plus] AndroidManifest.xml:32:25-62
227            </intent-filter>
228        </receiver>
229        <receiver
229-->[com.google.firebase:firebase-messaging:23.2.1] AndroidManifest.xml:29:9-36:20
230            android:name="com.google.firebase.iid.FirebaseInstanceIdReceiver"
230-->[com.google.firebase:firebase-messaging:23.2.1] AndroidManifest.xml:30:13-78
231            android:exported="true"
231-->[com.google.firebase:firebase-messaging:23.2.1] AndroidManifest.xml:31:13-36
232            android:permission="com.google.android.c2dm.permission.SEND" >
232-->[com.google.firebase:firebase-messaging:23.2.1] AndroidManifest.xml:32:13-73
233            <intent-filter>
233-->[:firebase_messaging] AndroidManifest.xml:32:13-34:29
234                <action android:name="com.google.android.c2dm.intent.RECEIVE" />
234-->[:firebase_messaging] AndroidManifest.xml:33:17-81
234-->[:firebase_messaging] AndroidManifest.xml:33:25-78
235            </intent-filter>
236        </receiver>
237        <!--
238             FirebaseMessagingService performs security checks at runtime,
239             but set to not exported to explicitly avoid allowing another app to call it.
240        -->
241        <service
241-->[com.google.firebase:firebase-messaging:23.2.1] AndroidManifest.xml:42:9-49:19
242            android:name="com.google.firebase.messaging.FirebaseMessagingService"
242-->[com.google.firebase:firebase-messaging:23.2.1] AndroidManifest.xml:43:13-82
243            android:directBootAware="true"
243-->[com.google.firebase:firebase-messaging:23.2.1] AndroidManifest.xml:44:13-43
244            android:exported="false" >
244-->[com.google.firebase:firebase-messaging:23.2.1] AndroidManifest.xml:45:13-37
245            <intent-filter android:priority="-500" >
245-->[:firebase_messaging] AndroidManifest.xml:23:13-25:29
246                <action android:name="com.google.firebase.MESSAGING_EVENT" />
246-->[:firebase_messaging] AndroidManifest.xml:24:17-78
246-->[:firebase_messaging] AndroidManifest.xml:24:25-75
247            </intent-filter>
248        </service>
249
250        <provider
250-->[com.google.firebase:firebase-common:20.3.3] AndroidManifest.xml:25:9-30:39
251            android:name="com.google.firebase.provider.FirebaseInitProvider"
251-->[com.google.firebase:firebase-common:20.3.3] AndroidManifest.xml:26:13-77
252            android:authorities="com.example.racemart_app.firebaseinitprovider"
252-->[com.google.firebase:firebase-common:20.3.3] AndroidManifest.xml:27:13-72
253            android:directBootAware="true"
253-->[com.google.firebase:firebase-common:20.3.3] AndroidManifest.xml:28:13-43
254            android:exported="false"
254-->[com.google.firebase:firebase-common:20.3.3] AndroidManifest.xml:29:13-37
255            android:initOrder="100" />
255-->[com.google.firebase:firebase-common:20.3.3] AndroidManifest.xml:30:13-36
256
257        <activity
257-->[com.google.android.gms:play-services-base:18.1.0] AndroidManifest.xml:20:9-22:45
258            android:name="com.google.android.gms.common.api.GoogleApiActivity"
258-->[com.google.android.gms:play-services-base:18.1.0] AndroidManifest.xml:20:19-85
259            android:exported="false"
259-->[com.google.android.gms:play-services-base:18.1.0] AndroidManifest.xml:22:19-43
260            android:theme="@android:style/Theme.Translucent.NoTitleBar" />
260-->[com.google.android.gms:play-services-base:18.1.0] AndroidManifest.xml:21:19-78
261
262        <meta-data
262-->[com.google.android.gms:play-services-basement:18.1.0] AndroidManifest.xml:21:9-23:69
263            android:name="com.google.android.gms.version"
263-->[com.google.android.gms:play-services-basement:18.1.0] AndroidManifest.xml:22:13-58
264            android:value="@integer/google_play_services_version" />
264-->[com.google.android.gms:play-services-basement:18.1.0] AndroidManifest.xml:23:13-66
265
266        <uses-library
266-->[androidx.window:window:1.0.0-beta04] AndroidManifest.xml:25:9-27:40
267            android:name="androidx.window.extensions"
267-->[androidx.window:window:1.0.0-beta04] AndroidManifest.xml:26:13-54
268            android:required="false" />
268-->[androidx.window:window:1.0.0-beta04] AndroidManifest.xml:27:13-37
269        <uses-library
269-->[androidx.window:window:1.0.0-beta04] AndroidManifest.xml:28:9-30:40
270            android:name="androidx.window.sidecar"
270-->[androidx.window:window:1.0.0-beta04] AndroidManifest.xml:29:13-51
271            android:required="false" />
271-->[androidx.window:window:1.0.0-beta04] AndroidManifest.xml:30:13-37
272
273        <service
273-->[com.google.android.datatransport:transport-backend-cct:3.1.8] AndroidManifest.xml:28:9-34:19
274            android:name="com.google.android.datatransport.runtime.backends.TransportBackendDiscovery"
274-->[com.google.android.datatransport:transport-backend-cct:3.1.8] AndroidManifest.xml:29:13-103
275            android:exported="false" >
275-->[com.google.android.datatransport:transport-backend-cct:3.1.8] AndroidManifest.xml:30:13-37
276            <meta-data
276-->[com.google.android.datatransport:transport-backend-cct:3.1.8] AndroidManifest.xml:31:13-33:39
277                android:name="backend:com.google.android.datatransport.cct.CctBackendFactory"
277-->[com.google.android.datatransport:transport-backend-cct:3.1.8] AndroidManifest.xml:32:17-94
278                android:value="cct" />
278-->[com.google.android.datatransport:transport-backend-cct:3.1.8] AndroidManifest.xml:33:17-36
279        </service>
280        <service
280-->[com.google.android.datatransport:transport-runtime:3.1.8] AndroidManifest.xml:26:9-30:19
281            android:name="com.google.android.datatransport.runtime.scheduling.jobscheduling.JobInfoSchedulerService"
281-->[com.google.android.datatransport:transport-runtime:3.1.8] AndroidManifest.xml:27:13-117
282            android:exported="false"
282-->[com.google.android.datatransport:transport-runtime:3.1.8] AndroidManifest.xml:28:13-37
283            android:permission="android.permission.BIND_JOB_SERVICE" >
283-->[com.google.android.datatransport:transport-runtime:3.1.8] AndroidManifest.xml:29:13-69
284        </service>
285
286        <receiver
286-->[com.google.android.datatransport:transport-runtime:3.1.8] AndroidManifest.xml:32:9-34:40
287            android:name="com.google.android.datatransport.runtime.scheduling.jobscheduling.AlarmManagerSchedulerBroadcastReceiver"
287-->[com.google.android.datatransport:transport-runtime:3.1.8] AndroidManifest.xml:33:13-132
288            android:exported="false" />
288-->[com.google.android.datatransport:transport-runtime:3.1.8] AndroidManifest.xml:34:13-37
289
290        <provider
290-->[androidx.profileinstaller:profileinstaller:1.3.0] AndroidManifest.xml:24:9-32:20
291            android:name="androidx.startup.InitializationProvider"
291-->[androidx.profileinstaller:profileinstaller:1.3.0] AndroidManifest.xml:25:13-67
292            android:authorities="com.example.racemart_app.androidx-startup"
292-->[androidx.profileinstaller:profileinstaller:1.3.0] AndroidManifest.xml:26:13-68
293            android:exported="false" >
293-->[androidx.profileinstaller:profileinstaller:1.3.0] AndroidManifest.xml:27:13-37
294            <meta-data
294-->[androidx.profileinstaller:profileinstaller:1.3.0] AndroidManifest.xml:29:13-31:52
295                android:name="androidx.profileinstaller.ProfileInstallerInitializer"
295-->[androidx.profileinstaller:profileinstaller:1.3.0] AndroidManifest.xml:30:17-85
296                android:value="androidx.startup" />
296-->[androidx.profileinstaller:profileinstaller:1.3.0] AndroidManifest.xml:31:17-49
297        </provider>
298
299        <receiver